<?xml version="1.0" encoding="UTF-8"?>
<!-- Generated by org.testng.reporters.JUnitReportReporter -->
<testsuite hostname="StoicsLP-00137" failures="0" tests="1" name="com.inetbanking.testcases.TC_LoginTest_001" time="9.411" errors="0" timestamp="2023-01-23T23:30:06 IST" skipped="0">
  <testcase classname="com.inetbanking.testcases.TC_LoginTest_001" name="loginTest" time="9.411"/>
  <system-out/>
</testsuite> <!-- com.inetbanking.testcases.TC_LoginTest_001 -->
