<?xml version="1.0" encoding="UTF-8"?>
<!-- Generated by org.testng.reporters.JUnitReportReporter -->
<testsuite hostname="StoicsLP-00137" failures="0" tests="1" name="com.inetbanking.testcases.TC_LoginTest001" time="8.431" errors="0" timestamp="2023-01-23T13:23:19 IST" skipped="0">
  <testcase classname="com.inetbanking.testcases.TC_LoginTest001" name="LoginTest" time="8.431"/>
  <system-out/>
</testsuite> <!-- com.inetbanking.testcases.TC_LoginTest001 -->
