<?xml version="1.0" encoding="UTF-8"?>
<!-- Generated by org.testng.reporters.JUnitReportReporter -->
<testsuite hostname="StoicsLP-00137" failures="0" tests="1" name="com.inetbanking.testcases.TC_LoginTest_001" time="13.285" errors="0" timestamp="2023-01-26T11:26:33 IST" skipped="0">
  <testcase classname="com.inetbanking.testcases.TC_LoginTest_001" name="loginTest" time="13.285"/>
  <system-out/>
</testsuite> <!-- com.inetbanking.testcases.TC_LoginTest_001 -->
